2020-04-05 13:05:07.376  INFO [sipladserviceapoio,,,] 8456 --- [main] m.d.s.s.a.SipladServiceApoioApplication  : The following profiles are active: default
2020-04-05 13:05:08.401  WARN [sipladserviceapoio,,,] 8456 --- [main] o.s.boot.actuate.endpoint.EndpointId     : Endpoint ID 'service-registry' contains invalid characters, please migrate to a valid format.
2020-04-05 13:05:08.623  INFO [sipladserviceapoio,,,] 8456 --- [main] o.s.cloud.context.scope.GenericScope     : BeanFactory id=d84a8b50-3ff6-3acd-9869-d7211f53114d
2020-04-05 13:05:09.234  WARN [sipladserviceapoio,,,] 8456 --- [main] io.undertow.websockets.jsr               : UT026010: Buffer pool was not set on WebSocketDeploymentInfo, the default pool will be used
2020-04-05 13:05:09.266  INFO [sipladserviceapoio,,,] 8456 --- [main] io.undertow.servlet                      : Initializing Spring embedded WebApplicationContext
2020-04-05 13:05:09.266  INFO [sipladserviceapoio,,,] 8456 --- [main] o.s.web.context.ContextLoader            : Root WebApplicationContext: initialization completed in 1869 ms
2020-04-05 13:05:09.431  WARN [sipladserviceapoio,,,] 8456 --- [main] c.n.c.sources.URLConfigurationSource     : No URLs will be polled as dynamic configuration sources.
2020-04-05 13:05:09.431  INFO [sipladserviceapoio,,,] 8456 --- [main] c.n.c.sources.URLConfigurationSource     : To enable URLs as dynamic configuration sources, define System property archaius.configurationSource.additionalUrls or make config.properties available on classpath.
2020-04-05 13:05:09.440  INFO [sipladserviceapoio,,,] 8456 --- [main] c.netflix.config.DynamicPropertyFactory  : DynamicPropertyFactory is initialized with configuration sources: com.netflix.config.ConcurrentCompositeConfiguration@24eb65e3
2020-04-05 13:05:10.834  INFO [sipladserviceapoio,,,] 8456 --- [main] o.s.cloud.commons.util.InetUtils         : Cannot determine local hostname
2020-04-05 13:05:11.702  WARN [sipladserviceapoio,,,] 8456 --- [main] o.s.c.s.zipkin2.ZipkinAutoConfiguration  : Check result of the [AsyncReporter{org.springframework.cloud.sleuth.zipkin2.sender.RestTemplateSender@b27b210}] contains an error [CheckResult{ok=false, error=org.springframework.web.client.ResourceAccessException: I/O error on POST request for "http://192.168.126.5:9411/api/v2/spans": connect timed out; nested exception is java.net.SocketTimeoutException: connect timed out}]
2020-04-05 13:05:11.942  WARN [sipladserviceapoio,,,] 8456 --- [main] c.n.c.sources.URLConfigurationSource     : No URLs will be polled as dynamic configuration sources.
2020-04-05 13:05:11.942  INFO [sipladserviceapoio,,,] 8456 --- [main] c.n.c.sources.URLConfigurationSource     : To enable URLs as dynamic configuration sources, define System property archaius.configurationSource.additionalUrls or make config.properties available on classpath.
2020-04-05 13:05:12.157  INFO [sipladserviceapoio,,,] 8456 --- [main] o.s.s.concurrent.ThreadPoolTaskExecutor  : Initializing ExecutorService 'applicationTaskExecutor'
2020-04-05 13:05:13.834  INFO [sipladserviceapoio,,,] 8456 --- [main] o.s.cloud.commons.util.InetUtils         : Cannot determine local hostname
2020-04-05 13:05:13.875  WARN [sipladserviceapoio,,,] 8456 --- [main] ockingLoadBalancerClientRibbonWarnLogger : You already have RibbonLoadBalancerClient on your classpath. It will be used by default. As Spring Cloud Ribbon is in maintenance mode. We recommend switching to BlockingLoadBalancerClient instead. In order to use it, set the value of `spring.cloud.loadbalancer.ribbon.enabled` to `false` or remove spring-cloud-starter-netflix-ribbon from your project.
2020-04-05 13:05:14.183  INFO [sipladserviceapoio,,,] 8456 --- [main] o.s.b.a.e.web.EndpointLinksResolver      : Exposing 18 endpoint(s) beneath base path '/actuator'
2020-04-05 13:05:14.286  INFO [sipladserviceapoio,,,] 8456 --- [main] o.s.c.n.eureka.InstanceInfoFactory       : Setting initial instance status as: STARTING
2020-04-05 13:05:14.320  INFO [sipladserviceapoio,,,] 8456 --- [main] com.netflix.discovery.DiscoveryClient    : Initializing Eureka in region us-east-1
2020-04-05 13:05:14.664  INFO [sipladserviceapoio,,,] 8456 --- [main] c.n.d.provider.DiscoveryJerseyProvider   : Using JSON encoding codec LegacyJacksonJson
2020-04-05 13:05:14.664  INFO [sipladserviceapoio,,,] 8456 --- [main] c.n.d.provider.DiscoveryJerseyProvider   : Using JSON decoding codec LegacyJacksonJson
2020-04-05 13:05:14.757  INFO [sipladserviceapoio,,,] 8456 --- [main] c.n.d.provider.DiscoveryJerseyProvider   : Using XML encoding codec XStreamXml
2020-04-05 13:05:14.757  INFO [sipladserviceapoio,,,] 8456 --- [main] c.n.d.provider.DiscoveryJerseyProvider   : Using XML decoding codec XStreamXml
2020-04-05 13:05:14.939  INFO [sipladserviceapoio,,,] 8456 --- [main] c.n.d.s.r.aws.ConfigClusterResolver      : Resolving eureka endpoints via configuration
2020-04-05 13:05:15.101  INFO [sipladserviceapoio,,,] 8456 --- [main] com.netflix.discovery.DiscoveryClient    : Disable delta property : false
2020-04-05 13:05:15.101  INFO [sipladserviceapoio,,,] 8456 --- [main] com.netflix.discovery.DiscoveryClient    : Single vip registry refresh property : null
2020-04-05 13:05:15.101  INFO [sipladserviceapoio,,,] 8456 --- [main] com.netflix.discovery.DiscoveryClient    : Force full registry fetch : false
2020-04-05 13:05:15.102  INFO [sipladserviceapoio,,,] 8456 --- [main] com.netflix.discovery.DiscoveryClient    : Application is null : false
2020-04-05 13:05:15.102  INFO [sipladserviceapoio,,,] 8456 --- [main] com.netflix.discovery.DiscoveryClient    : Registered Applications size is zero : true
2020-04-05 13:05:15.102  INFO [sipladserviceapoio,,,] 8456 --- [main] com.netflix.discovery.DiscoveryClient    : Application version is -1: true
2020-04-05 13:05:15.102  INFO [sipladserviceapoio,,,] 8456 --- [main] com.netflix.discovery.DiscoveryClient    : Getting all instance registry info from the eureka server
2020-04-05 13:05:16.236  INFO [sipladserviceapoio,,,] 8456 --- [main] com.netflix.discovery.DiscoveryClient    : The response status is 200
2020-04-05 13:05:16.238  INFO [sipladserviceapoio,,,] 8456 --- [main] com.netflix.discovery.DiscoveryClient    : Starting heartbeat executor: renew interval is: 3
2020-04-05 13:05:16.240  INFO [sipladserviceapoio,,,] 8456 --- [main] c.n.discovery.InstanceInfoReplicator     : InstanceInfoReplicator onDemand update allowed rate per min is 4
2020-04-05 13:05:16.244  INFO [sipladserviceapoio,,,] 8456 --- [main] com.netflix.discovery.DiscoveryClient    : Discovery Client initialized at timestamp 1586102716243 with initial instances count: 0
2020-04-05 13:05:16.250  INFO [sipladserviceapoio,,,] 8456 --- [main] o.s.c.n.e.s.EurekaServiceRegistry        : Registering application SIPLADSERVICEAPOIO with eureka with status UP
2020-04-05 13:05:16.251  INFO [sipladserviceapoio,,,] 8456 --- [main] com.netflix.discovery.DiscoveryClient    : Saw local status change event StatusChangeEvent [timestamp=1586102716251, current=UP, previous=STARTING]
2020-04-05 13:05:16.254  INFO [sipladserviceapoio,,,] 8456 --- [DiscoveryClient-InstanceInfoReplicator-0] com.netflix.discovery.DiscoveryClient    : DiscoveryClient_SIPLADSERVICEAPOIO/localhost:sipladserviceapoio:9300: registering service...
2020-04-05 13:05:16.287  INFO [sipladserviceapoio,,,] 8456 --- [DiscoveryClient-InstanceInfoReplicator-0] com.netflix.discovery.DiscoveryClient    : DiscoveryClient_SIPLADSERVICEAPOIO/localhost:sipladserviceapoio:9300 - registration status: 204
2020-04-05 13:05:16.296  INFO [sipladserviceapoio,,,] 8456 --- [main] io.undertow                              : starting server: Undertow - 2.0.30.Final
2020-04-05 13:05:16.304  INFO [sipladserviceapoio,,,] 8456 --- [main] org.xnio                                 : XNIO version 3.3.8.Final
2020-04-05 13:05:16.317  INFO [sipladserviceapoio,,,] 8456 --- [main] org.xnio.nio                             : XNIO NIO Implementation Version 3.3.8.Final
2020-04-05 13:05:16.378  INFO [sipladserviceapoio,,,] 8456 --- [main] o.s.b.w.e.u.UndertowServletWebServer     : Undertow started on port(s) 9300 (http) with context path ''
2020-04-05 13:05:16.379  INFO [sipladserviceapoio,,,] 8456 --- [main] .s.c.n.e.s.EurekaAutoServiceRegistration : Updating port to 9300
2020-04-05 13:05:17.555  INFO [sipladserviceapoio,,,] 8456 --- [main] o.s.cloud.commons.util.InetUtils         : Cannot determine local hostname
2020-04-05 13:05:17.556  INFO [sipladserviceapoio,,,] 8456 --- [main] m.d.s.s.a.SipladServiceApoioApplication  : Started SipladServiceApoioApplication in 13.377 seconds (JVM running for 17.037)
2020-04-05 13:05:46.239  INFO [sipladserviceapoio,,,] 8456 --- [DiscoveryClient-CacheRefreshExecutor-0] com.netflix.discovery.DiscoveryClient    : Disable delta property : false
2020-04-05 13:05:46.239  INFO [sipladserviceapoio,,,] 8456 --- [DiscoveryClient-CacheRefreshExecutor-0] com.netflix.discovery.DiscoveryClient    : Single vip registry refresh property : null
2020-04-05 13:05:46.239  INFO [sipladserviceapoio,,,] 8456 --- [DiscoveryClient-CacheRefreshExecutor-0] com.netflix.discovery.DiscoveryClient    : Force full registry fetch : false
2020-04-05 13:05:46.239  INFO [sipladserviceapoio,,,] 8456 --- [DiscoveryClient-CacheRefreshExecutor-0] com.netflix.discovery.DiscoveryClient    : Application is null : false
2020-04-05 13:05:46.239  INFO [sipladserviceapoio,,,] 8456 --- [DiscoveryClient-CacheRefreshExecutor-0] com.netflix.discovery.DiscoveryClient    : Registered Applications size is zero : true
2020-04-05 13:05:46.239  INFO [sipladserviceapoio,,,] 8456 --- [DiscoveryClient-CacheRefreshExecutor-0] com.netflix.discovery.DiscoveryClient    : Application version is -1: false
2020-04-05 13:05:46.239  INFO [sipladserviceapoio,,,] 8456 --- [DiscoveryClient-CacheRefreshExecutor-0] com.netflix.discovery.DiscoveryClient    : Getting all instance registry info from the eureka server
2020-04-05 13:05:46.266  INFO [sipladserviceapoio,,,] 8456 --- [DiscoveryClient-CacheRefreshExecutor-0] com.netflix.discovery.DiscoveryClient    : The response status is 200
2020-04-05 13:06:59.421  INFO [sipladserviceapoio,,,] 8456 --- [XNIO-1 task-1] io.undertow.servlet                      : Initializing Spring DispatcherServlet 'dispatcherServlet'
2020-04-05 13:06:59.421  INFO [sipladserviceapoio,,,] 8456 --- [XNIO-1 task-1] o.s.web.servlet.DispatcherServlet        : Initializing Servlet 'dispatcherServlet'
2020-04-05 13:06:59.434  INFO [sipladserviceapoio,,,] 8456 --- [XNIO-1 task-1] o.s.web.servlet.DispatcherServlet        : Completed initialization in 12 ms
2020-04-05 13:10:15.107  INFO [sipladserviceapoio,,,] 8456 --- [AsyncResolver-bootstrap-executor-0] c.n.d.s.r.aws.ConfigClusterResolver      : Resolving eureka endpoints via configuration
