2020-04-09 08:52:31.922  INFO [sipladserviceautenticacao,,,] 4755 --- [main] d.s.SipladServiceAutenticacaoApplication : The following profiles are active: default
2020-04-09 08:52:35.088  WARN [sipladserviceautenticacao,,,] 4755 --- [main] o.s.boot.actuate.endpoint.EndpointId     : Endpoint ID 'service-registry' contains invalid characters, please migrate to a valid format.
2020-04-09 08:52:35.715  INFO [sipladserviceautenticacao,,,] 4755 --- [main] o.s.cloud.context.scope.GenericScope     : BeanFactory id=a4a9ee92-238b-3806-9c9f-ae08a548448e
2020-04-09 08:52:38.173  INFO [sipladserviceautenticacao,,,] 4755 --- [main] trationDelegate$BeanPostProcessorChecker : Bean 'org.springframework.security.config.annotation.configuration.ObjectPostProcessorConfiguration' of type [org.springframework.security.config.annotation.configuration.ObjectPostProcessorConfiguration] is not eligible for getting processed by all BeanPostProcessors (for example: not eligible for auto-proxying)
2020-04-09 08:52:38.205  INFO [sipladserviceautenticacao,,,] 4755 --- [main] trationDelegate$BeanPostProcessorChecker : Bean 'objectPostProcessor' of type [org.springframework.security.config.annotation.configuration.AutowireBeanFactoryObjectPostProcessor] is not eligible for getting processed by all BeanPostProcessors (for example: not eligible for auto-proxying)
2020-04-09 08:52:38.223  INFO [sipladserviceautenticacao,,,] 4755 --- [main] trationDelegate$BeanPostProcessorChecker : Bean 'org.springframework.security.access.expression.method.DefaultMethodSecurityExpressionHandler@1349883' of type [org.springframework.security.access.expression.method.DefaultMethodSecurityExpressionHandler] is not eligible for getting processed by all BeanPostProcessors (for example: not eligible for auto-proxying)
2020-04-09 08:52:38.238  INFO [sipladserviceautenticacao,,,] 4755 --- [main] trationDelegate$BeanPostProcessorChecker : Bean 'org.springframework.security.config.annotation.method.configuration.GlobalMethodSecurityConfiguration' of type [org.springframework.security.config.annotation.method.configuration.GlobalMethodSecurityConfiguration] is not eligible for getting processed by all BeanPostProcessors (for example: not eligible for auto-proxying)
2020-04-09 08:52:38.284  INFO [sipladserviceautenticacao,,,] 4755 --- [main] trationDelegate$BeanPostProcessorChecker : Bean 'methodSecurityMetadataSource' of type [org.springframework.security.access.method.DelegatingMethodSecurityMetadataSource] is not eligible for getting processed by all BeanPostProcessors (for example: not eligible for auto-proxying)
2020-04-09 08:52:38.778  WARN [sipladserviceautenticacao,,,] 4755 --- [main] io.undertow.websockets.jsr               : UT026010: Buffer pool was not set on WebSocketDeploymentInfo, the default pool will be used
2020-04-09 08:52:38.870  INFO [sipladserviceautenticacao,,,] 4755 --- [main] io.undertow.servlet                      : Initializing Spring embedded WebApplicationContext
2020-04-09 08:52:38.871  INFO [sipladserviceautenticacao,,,] 4755 --- [main] o.s.web.context.ContextLoader            : Root WebApplicationContext: initialization completed in 6849 ms
2020-04-09 08:52:39.140  WARN [sipladserviceautenticacao,,,] 4755 --- [main] c.n.c.sources.URLConfigurationSource     : No URLs will be polled as dynamic configuration sources.
2020-04-09 08:52:39.140  INFO [sipladserviceautenticacao,,,] 4755 --- [main] c.n.c.sources.URLConfigurationSource     : To enable URLs as dynamic configuration sources, define System property archaius.configurationSource.additionalUrls or make config.properties available on classpath.
2020-04-09 08:52:39.192  INFO [sipladserviceautenticacao,,,] 4755 --- [main] c.netflix.config.DynamicPropertyFactory  : DynamicPropertyFactory is initialized with configuration sources: com.netflix.config.ConcurrentCompositeConfiguration@56dc1551
2020-04-09 08:52:40.673  WARN [sipladserviceautenticacao,,,] 4755 --- [main] o.s.c.s.zipkin2.ZipkinAutoConfiguration  : Check result of the [AsyncReporter{org.springframework.cloud.sleuth.zipkin2.sender.RestTemplateSender@42b02722}] contains an error [CheckResult{ok=false, error=org.springframework.web.client.ResourceAccessException: I/O error on POST request for "http://192.168.126.5:9411/api/v2/spans": Connection refused (Connection refused); nested exception is java.net.ConnectException: Connection refused (Connection refused)}]
2020-04-09 08:52:41.210  INFO [sipladserviceautenticacao,,,] 4755 --- [main] o.s.s.web.DefaultSecurityFilterChain     : Creating filter chain: any request, [org.springframework.security.web.context.request.async.WebAsyncManagerIntegrationFilter@6187d1f5, org.springframework.security.web.context.SecurityContextPersistenceFilter@22d7b4f8, org.springframework.security.web.header.HeaderWriterFilter@4fad9bb2, org.springframework.security.web.authentication.logout.LogoutFilter@61a88b8c, mb.dgom.siplad.filters.JWTAuthenticationTokenFilter@78641d23, org.springframework.security.web.savedrequest.RequestCacheAwareFilter@38831718, org.springframework.security.web.servletapi.SecurityContextHolderAwareRequestFilter@4982cc36, org.springframework.security.web.authentication.AnonymousAuthenticationFilter@2445445a, org.springframework.security.web.session.SessionManagementFilter@7862f56, org.springframework.security.web.access.ExceptionTranslationFilter@797cf65c, org.springframework.security.web.access.intercept.FilterSecurityInterceptor@59b38691]
2020-04-09 08:52:41.245  WARN [sipladserviceautenticacao,,,] 4755 --- [main] c.n.c.sources.URLConfigurationSource     : No URLs will be polled as dynamic configuration sources.
2020-04-09 08:52:41.245  INFO [sipladserviceautenticacao,,,] 4755 --- [main] c.n.c.sources.URLConfigurationSource     : To enable URLs as dynamic configuration sources, define System property archaius.configurationSource.additionalUrls or make config.properties available on classpath.
2020-04-09 08:52:41.631  INFO [sipladserviceautenticacao,,,] 4755 --- [main] o.s.s.concurrent.ThreadPoolTaskExecutor  : Initializing ExecutorService 'applicationTaskExecutor'
2020-04-09 08:52:42.566  WARN [sipladserviceautenticacao,,,] 4755 --- [main] ockingLoadBalancerClientRibbonWarnLogger : You already have RibbonLoadBalancerClient on your classpath. It will be used by default. As Spring Cloud Ribbon is in maintenance mode. We recommend switching to BlockingLoadBalancerClient instead. In order to use it, set the value of `spring.cloud.loadbalancer.ribbon.enabled` to `false` or remove spring-cloud-starter-netflix-ribbon from your project.
2020-04-09 08:52:42.794  INFO [sipladserviceautenticacao,,,] 4755 --- [main] o.s.b.a.e.web.EndpointLinksResolver      : Exposing 18 endpoint(s) beneath base path '/actuator'
2020-04-09 08:52:42.944  INFO [sipladserviceautenticacao,,,] 4755 --- [main] o.s.c.n.eureka.InstanceInfoFactory       : Setting initial instance status as: STARTING
2020-04-09 08:52:43.097  INFO [sipladserviceautenticacao,,,] 4755 --- [main] com.netflix.discovery.DiscoveryClient    : Initializing Eureka in region us-east-1
2020-04-09 08:52:43.495  INFO [sipladserviceautenticacao,,,] 4755 --- [main] c.n.d.provider.DiscoveryJerseyProvider   : Using JSON encoding codec LegacyJacksonJson
2020-04-09 08:52:43.495  INFO [sipladserviceautenticacao,,,] 4755 --- [main] c.n.d.provider.DiscoveryJerseyProvider   : Using JSON decoding codec LegacyJacksonJson
2020-04-09 08:52:43.814  INFO [sipladserviceautenticacao,,,] 4755 --- [main] c.n.d.provider.DiscoveryJerseyProvider   : Using XML encoding codec XStreamXml
2020-04-09 08:52:43.814  INFO [sipladserviceautenticacao,,,] 4755 --- [main] c.n.d.provider.DiscoveryJerseyProvider   : Using XML decoding codec XStreamXml
2020-04-09 08:52:44.229  INFO [sipladserviceautenticacao,,,] 4755 --- [main] c.n.d.s.r.aws.ConfigClusterResolver      : Resolving eureka endpoints via configuration
2020-04-09 08:52:44.305  INFO [sipladserviceautenticacao,,,] 4755 --- [main] com.netflix.discovery.DiscoveryClient    : Disable delta property : false
2020-04-09 08:52:44.306  INFO [sipladserviceautenticacao,,,] 4755 --- [main] com.netflix.discovery.DiscoveryClient    : Single vip registry refresh property : null
2020-04-09 08:52:44.307  INFO [sipladserviceautenticacao,,,] 4755 --- [main] com.netflix.discovery.DiscoveryClient    : Force full registry fetch : false
2020-04-09 08:52:44.308  INFO [sipladserviceautenticacao,,,] 4755 --- [main] com.netflix.discovery.DiscoveryClient    : Application is null : false
2020-04-09 08:52:44.309  INFO [sipladserviceautenticacao,,,] 4755 --- [main] com.netflix.discovery.DiscoveryClient    : Registered Applications size is zero : true
2020-04-09 08:52:44.309  INFO [sipladserviceautenticacao,,,] 4755 --- [main] com.netflix.discovery.DiscoveryClient    : Application version is -1: true
2020-04-09 08:52:44.310  INFO [sipladserviceautenticacao,,,] 4755 --- [main] com.netflix.discovery.DiscoveryClient    : Getting all instance registry info from the eureka server
2020-04-09 08:52:44.711  INFO [sipladserviceautenticacao,,,] 4755 --- [main] com.netflix.discovery.DiscoveryClient    : The response status is 200
2020-04-09 08:52:44.713  INFO [sipladserviceautenticacao,,,] 4755 --- [main] com.netflix.discovery.DiscoveryClient    : Starting heartbeat executor: renew interval is: 3
2020-04-09 08:52:44.720  INFO [sipladserviceautenticacao,,,] 4755 --- [main] c.n.discovery.InstanceInfoReplicator     : InstanceInfoReplicator onDemand update allowed rate per min is 4
2020-04-09 08:52:44.726  INFO [sipladserviceautenticacao,,,] 4755 --- [main] com.netflix.discovery.DiscoveryClient    : Discovery Client initialized at timestamp 1586433164723 with initial instances count: 1
2020-04-09 08:52:44.733  INFO [sipladserviceautenticacao,,,] 4755 --- [main] o.s.c.n.e.s.EurekaServiceRegistry        : Registering application SIPLADSERVICEAUTENTICACAO with eureka with status UP
2020-04-09 08:52:44.734  INFO [sipladserviceautenticacao,,,] 4755 --- [main] com.netflix.discovery.DiscoveryClient    : Saw local status change event StatusChangeEvent [timestamp=1586433164734, current=UP, previous=STARTING]
2020-04-09 08:52:44.736  INFO [sipladserviceautenticacao,,,] 4755 --- [DiscoveryClient-InstanceInfoReplicator-0] com.netflix.discovery.DiscoveryClient    : DiscoveryClient_SIPLADSERVICEAUTENTICACAO/10.0.2.15:sipladserviceautenticacao:9100: registering service...
2020-04-09 08:52:44.855  INFO [sipladserviceautenticacao,,,] 4755 --- [DiscoveryClient-InstanceInfoReplicator-0] com.netflix.discovery.DiscoveryClient    : DiscoveryClient_SIPLADSERVICEAUTENTICACAO/10.0.2.15:sipladserviceautenticacao:9100 - registration status: 204
2020-04-09 08:52:44.886  INFO [sipladserviceautenticacao,,,] 4755 --- [main] io.undertow                              : starting server: Undertow - 2.0.30.Final
2020-04-09 08:52:44.923  INFO [sipladserviceautenticacao,,,] 4755 --- [main] org.xnio                                 : XNIO version 3.3.8.Final
2020-04-09 08:52:44.988  INFO [sipladserviceautenticacao,,,] 4755 --- [main] org.xnio.nio                             : XNIO NIO Implementation Version 3.3.8.Final
2020-04-09 08:52:45.582  INFO [sipladserviceautenticacao,,,] 4755 --- [main] o.s.b.w.e.u.UndertowServletWebServer     : Undertow started on port(s) 9100 (http) with context path ''
2020-04-09 08:52:45.582  INFO [sipladserviceautenticacao,,,] 4755 --- [main] .s.c.n.e.s.EurekaAutoServiceRegistration : Updating port to 9100
2020-04-09 08:52:45.627  INFO [sipladserviceautenticacao,,,] 4755 --- [main] d.s.SipladServiceAutenticacaoApplication : Started SipladServiceAutenticacaoApplication in 16.311 seconds (JVM running for 17.584)
2020-04-09 08:56:33.061  INFO [sipladserviceautenticacao,,,] 4755 --- [XNIO-1 task-1] io.undertow.servlet                      : Initializing Spring DispatcherServlet 'dispatcherServlet'
2020-04-09 08:56:33.061  INFO [sipladserviceautenticacao,,,] 4755 --- [XNIO-1 task-1] o.s.web.servlet.DispatcherServlet        : Initializing Servlet 'dispatcherServlet'
2020-04-09 08:56:33.083  INFO [sipladserviceautenticacao,,,] 4755 --- [XNIO-1 task-1] o.s.web.servlet.DispatcherServlet        : Completed initialization in 22 ms
2020-04-09 08:56:33.286  INFO [sipladserviceautenticacao,457638a75f0da3c6,457638a75f0da3c6,true] 4755 --- [XNIO-1 task-1] m.d.s.c.AutenticacaoController           : Realizando autenticacao para o usuario admin.
2020-04-09 08:56:33.830  INFO [sipladserviceautenticacao,457638a75f0da3c6,457638a75f0da3c6,true] 4755 --- [XNIO-1 task-1] c.netflix.config.ChainedDynamicProperty  : Flipping property: sipladserviceapoio.ribbon.ActiveConnectionsLimit to use NEXT property: niws.loadbalancer.availabilityFilteringRule.activeConnectionsLimit = 2147483647
2020-04-09 08:56:33.948  INFO [sipladserviceautenticacao,457638a75f0da3c6,457638a75f0da3c6,true] 4755 --- [XNIO-1 task-1] c.n.u.concurrent.ShutdownEnabledTimer    : Shutdown hook installed for: NFLoadBalancer-PingTimer-sipladserviceapoio
2020-04-09 08:56:33.948  INFO [sipladserviceautenticacao,457638a75f0da3c6,457638a75f0da3c6,true] 4755 --- [XNIO-1 task-1] c.netflix.loadbalancer.BaseLoadBalancer  : Client: sipladserviceapoio instantiated a LoadBalancer: DynamicServerListLoadBalancer:{NFLoadBalancer:name=sipladserviceapoio,current list of Servers=[],Load balancer stats=Zone stats: {},Server stats: []}ServerList:null
2020-04-09 08:56:33.981  INFO [sipladserviceautenticacao,457638a75f0da3c6,457638a75f0da3c6,true] 4755 --- [XNIO-1 task-1] c.n.l.DynamicServerListLoadBalancer      : Using serverListUpdater PollingServerListUpdater
2020-04-09 08:56:34.088  INFO [sipladserviceautenticacao,457638a75f0da3c6,457638a75f0da3c6,true] 4755 --- [XNIO-1 task-1] c.netflix.config.ChainedDynamicProperty  : Flipping property: sipladserviceapoio.ribbon.ActiveConnectionsLimit to use NEXT property: niws.loadbalancer.availabilityFilteringRule.activeConnectionsLimit = 2147483647
2020-04-09 08:56:34.090  INFO [sipladserviceautenticacao,457638a75f0da3c6,457638a75f0da3c6,true] 4755 --- [XNIO-1 task-1] c.n.l.DynamicServerListLoadBalancer      : DynamicServerListLoadBalancer for client sipladserviceapoio initialized: DynamicServerListLoadBalancer:{NFLoadBalancer:name=sipladserviceapoio,current list of Servers=[10.0.2.15:9300],Load balancer stats=Zone stats: {defaultzone=[Zone:defaultzone;	Instance count:1;	Active connections count: 0;	Circuit breaker tripped count: 0;	Active connections per server: 0.0;]
},Server stats: [[Server:10.0.2.15:9300;	Zone:defaultZone;	Total Requests:0;	Successive connection failure:0;	Total blackout seconds:0;	Last connection made:Wed Dec 31 21:00:00 BRT 1969;	First connection made: Wed Dec 31 21:00:00 BRT 1969;	Active Connections:0;	total failure count in last (1000) msecs:0;	average resp time:0.0;	90 percentile resp time:0.0;	95 percentile resp time:0.0;	min resp time:0.0;	max resp time:0.0;	stddev resp time:0.0]
]}ServerList:org.springframework.cloud.netflix.ribbon.eureka.DomainExtractingServerList@4a54c05c
2020-04-09 08:56:34.992  INFO [sipladserviceautenticacao,,,] 4755 --- [PollingServerListUpdater-0] c.netflix.config.ChainedDynamicProperty  : Flipping property: sipladserviceapoio.ribbon.ActiveConnectionsLimit to use NEXT property: niws.loadbalancer.availabilityFilteringRule.activeConnectionsLimit = 2147483647
2020-04-09 08:56:35.588  WARN [sipladserviceautenticacao,,,] 4755 --- [AsyncReporter{org.springframework.cloud.sleuth.zipkin2.sender.RestTemplateSender@42b02722}] z.r.AsyncReporter$BoundedAsyncReporter   : Spans were dropped due to exceptions. All subsequent errors will be logged at FINE level.
2020-04-09 08:56:35.593  WARN [sipladserviceautenticacao,,,] 4755 --- [AsyncReporter{org.springframework.cloud.sleuth.zipkin2.sender.RestTemplateSender@42b02722}] z.r.AsyncReporter$BoundedAsyncReporter   : Dropped 4 spans due to ResourceAccessException(I/O error on POST request for "http://192.168.126.5:9411/api/v2/spans": Connection refused (Connection refused); nested exception is java.net.ConnectException: Connection refused (Connection refused))

org.springframework.web.client.ResourceAccessException: I/O error on POST request for "http://192.168.126.5:9411/api/v2/spans": Connection refused (Connection refused); nested exception is java.net.ConnectException: Connection refused (Connection refused)
	at org.springframework.web.client.RestTemplate.doExecute(RestTemplate.java:748) ~[spring-web-5.2.5.RELEASE.jar!/:5.2.5.RELEASE]
	at org.springframework.cloud.sleuth.zipkin2.sender.ZipkinRestTemplateWrapper.doExecute(ZipkinRestTemplateSenderConfiguration.java:228) ~[spring-cloud-sleuth-zipkin-2.2.2.RELEASE.jar!/:2.2.2.RELEASE]
	at org.springframework.web.client.RestTemplate.exchange(RestTemplate.java:641) ~[spring-web-5.2.5.RELEASE.jar!/:5.2.5.RELEASE]
	at org.springframework.cloud.sleuth.zipkin2.sender.RestTemplateSender.post(RestTemplateSender.java:129) ~[spring-cloud-sleuth-zipkin-2.2.2.RELEASE.jar!/:2.2.2.RELEASE]
	at org.springframework.cloud.sleuth.zipkin2.sender.RestTemplateSender$HttpPostCall.doExecute(RestTemplateSender.java:142) ~[spring-cloud-sleuth-zipkin-2.2.2.RELEASE.jar!/:2.2.2.RELEASE]
	at org.springframework.cloud.sleuth.zipkin2.sender.RestTemplateSender$HttpPostCall.doExecute(RestTemplateSender.java:132) ~[spring-cloud-sleuth-zipkin-2.2.2.RELEASE.jar!/:2.2.2.RELEASE]
	at zipkin2.Call$Base.execute(Call.java:380) ~[zipkin-2.19.3.jar!/:na]
	at zipkin2.reporter.AsyncReporter$BoundedAsyncReporter.flush(AsyncReporter.java:284) ~[zipkin-reporter-2.12.1.jar!/:na]
	at zipkin2.reporter.AsyncReporter$Flusher.run(AsyncReporter.java:358) [zipkin-reporter-2.12.1.jar!/:na]
	at java.lang.Thread.run(Thread.java:748) [na:1.8.0_242]
Caused by: java.net.ConnectException: Connection refused (Connection refused)
	at java.net.PlainSocketImpl.socketConnect(Native Method) ~[na:1.8.0_242]
	at java.net.AbstractPlainSocketImpl.doConnect(AbstractPlainSocketImpl.java:350) ~[na:1.8.0_242]
	at java.net.AbstractPlainSocketImpl.connectToAddress(AbstractPlainSocketImpl.java:206) ~[na:1.8.0_242]
	at java.net.AbstractPlainSocketImpl.connect(AbstractPlainSocketImpl.java:188) ~[na:1.8.0_242]
	at java.net.SocksSocketImpl.connect(SocksSocketImpl.java:392) ~[na:1.8.0_242]
	at java.net.Socket.connect(Socket.java:607) ~[na:1.8.0_242]
	at sun.net.NetworkClient.doConnect(NetworkClient.java:175) ~[na:1.8.0_242]
	at sun.net.www.http.HttpClient.openServer(HttpClient.java:463) ~[na:1.8.0_242]
	at sun.net.www.http.HttpClient.openServer(HttpClient.java:558) ~[na:1.8.0_242]
	at sun.net.www.http.HttpClient.<init>(HttpClient.java:242) ~[na:1.8.0_242]
	at sun.net.www.http.HttpClient.New(HttpClient.java:339) ~[na:1.8.0_242]
	at sun.net.www.http.HttpClient.New(HttpClient.java:357) ~[na:1.8.0_242]
	at sun.net.www.protocol.http.HttpURLConnection.getNewHttpClient(HttpURLConnection.java:1226) ~[na:1.8.0_242]
	at sun.net.www.protocol.http.HttpURLConnection.plainConnect0(HttpURLConnection.java:1162) ~[na:1.8.0_242]
	at sun.net.www.protocol.http.HttpURLConnection.plainConnect(HttpURLConnection.java:1056) ~[na:1.8.0_242]
	at sun.net.www.protocol.http.HttpURLConnection.connect(HttpURLConnection.java:990) ~[na:1.8.0_242]
	at org.springframework.http.client.SimpleBufferingClientHttpRequest.executeInternal(SimpleBufferingClientHttpRequest.java:76) ~[spring-web-5.2.5.RELEASE.jar!/:5.2.5.RELEASE]
	at org.springframework.http.client.AbstractBufferingClientHttpRequest.executeInternal(AbstractBufferingClientHttpRequest.java:48) ~[spring-web-5.2.5.RELEASE.jar!/:5.2.5.RELEASE]
	at org.springframework.http.client.AbstractClientHttpRequest.execute(AbstractClientHttpRequest.java:53) ~[spring-web-5.2.5.RELEASE.jar!/:5.2.5.RELEASE]
	at org.springframework.web.client.RestTemplate.doExecute(RestTemplate.java:739) ~[spring-web-5.2.5.RELEASE.jar!/:5.2.5.RELEASE]
	... 9 common frames omitted

2020-04-09 08:57:29.568  INFO [sipladserviceautenticacao,612fc45228838a51,612fc45228838a51,true] 4755 --- [XNIO-1 task-2] m.d.s.c.AutenticacaoController           : Realizando autenticacao para o usuario admin.
2020-04-09 08:57:30.493  INFO [sipladserviceautenticacao,6c1cf02fa1a035fa,6c1cf02fa1a035fa,true] 4755 --- [XNIO-1 task-3] m.d.s.c.AutenticacaoController           : Realizando autenticacao para o usuario admin.
2020-04-09 08:57:31.211  INFO [sipladserviceautenticacao,007aec6543c54503,007aec6543c54503,true] 4755 --- [XNIO-1 task-4] m.d.s.c.AutenticacaoController           : Realizando autenticacao para o usuario admin.
2020-04-09 08:57:31.867  INFO [sipladserviceautenticacao,44bb7fcafe35085d,44bb7fcafe35085d,true] 4755 --- [XNIO-1 task-5] m.d.s.c.AutenticacaoController           : Realizando autenticacao para o usuario admin.
2020-04-09 08:57:32.471  INFO [sipladserviceautenticacao,478290794e1742e5,478290794e1742e5,true] 4755 --- [XNIO-1 task-6] m.d.s.c.AutenticacaoController           : Realizando autenticacao para o usuario admin.
2020-04-09 08:57:33.118  INFO [sipladserviceautenticacao,a9e266c424dc69f7,a9e266c424dc69f7,true] 4755 --- [XNIO-1 task-7] m.d.s.c.AutenticacaoController           : Realizando autenticacao para o usuario admin.
2020-04-09 08:57:33.752  INFO [sipladserviceautenticacao,3e53a0bf0b565fad,3e53a0bf0b565fad,true] 4755 --- [XNIO-1 task-8] m.d.s.c.AutenticacaoController           : Realizando autenticacao para o usuario admin.
2020-04-09 08:57:34.830  INFO [sipladserviceautenticacao,7a6869ccfa5b8885,7a6869ccfa5b8885,true] 4755 --- [XNIO-1 task-9] m.d.s.c.AutenticacaoController           : Realizando autenticacao para o usuario admin.
2020-04-09 08:57:35.449  INFO [sipladserviceautenticacao,352d56c2e2bfda46,352d56c2e2bfda46,true] 4755 --- [XNIO-1 task-10] m.d.s.c.AutenticacaoController           : Realizando autenticacao para o usuario admin.
2020-04-09 08:57:44.323  INFO [sipladserviceautenticacao,,,] 4755 --- [AsyncResolver-bootstrap-executor-0] c.n.d.s.r.aws.ConfigClusterResolver      : Resolving eureka endpoints via configuration
2020-04-09 08:57:44.759  INFO [sipladserviceautenticacao,b1a61ad684b7b400,d81d2b48f82efb54,true] 4755 --- [XNIO-1 task-11] m.d.s.c.AutenticacaoController           : Realizando autenticacao para o usuario admin.
2020-04-09 08:57:46.790  INFO [sipladserviceautenticacao,6511c941fc5e7bb1,881b1557188d8d0d,true] 4755 --- [XNIO-1 task-12] m.d.s.c.AutenticacaoController           : Realizando autenticacao para o usuario admin.
2020-04-09 08:57:47.670  INFO [sipladserviceautenticacao,0c7ef1d2fdad4a8e,2eb8cc0e8e7ce5d2,true] 4755 --- [XNIO-1 task-13] m.d.s.c.AutenticacaoController           : Realizando autenticacao para o usuario admin.
2020-04-09 09:00:38.420  INFO [sipladserviceautenticacao,d050c39b29090aa5,15a32f93b8b8deb1,true] 4755 --- [XNIO-1 task-14] m.d.s.c.AutenticacaoController           : Realizando autenticacao para o usuario admin.
2020-04-09 09:00:40.810  INFO [sipladserviceautenticacao,eaa4279b42dc9af1,eaa4279b42dc9af1,true] 4755 --- [XNIO-1 task-15] m.d.s.c.AutenticacaoController           : Realizando autenticacao para o usuario admin.
2020-04-09 09:02:03.098  INFO [sipladserviceautenticacao,,,] 4755 --- [Thread-8] c.n.l.PollingServerListUpdater           : Shutting down the Executor Pool for PollingServerListUpdater
2020-04-09 09:02:03.108  INFO [sipladserviceautenticacao,,,] 4755 --- [SpringContextShutdownHook] o.s.c.n.e.s.EurekaServiceRegistry        : Unregistering application SIPLADSERVICEAUTENTICACAO with eureka with status DOWN
2020-04-09 09:02:03.108  WARN [sipladserviceautenticacao,,,] 4755 --- [SpringContextShutdownHook] com.netflix.discovery.DiscoveryClient    : Saw local status change event StatusChangeEvent [timestamp=1586433723108, current=DOWN, previous=UP]
2020-04-09 09:02:03.108  INFO [sipladserviceautenticacao,,,] 4755 --- [DiscoveryClient-InstanceInfoReplicator-0] com.netflix.discovery.DiscoveryClient    : DiscoveryClient_SIPLADSERVICEAUTENTICACAO/10.0.2.15:sipladserviceautenticacao:9100: registering service...
2020-04-09 09:02:03.112  INFO [sipladserviceautenticacao,,,] 4755 --- [SpringContextShutdownHook] o.s.s.concurrent.ThreadPoolTaskExecutor  : Shutting down ExecutorService 'applicationTaskExecutor'
2020-04-09 09:02:03.115  INFO [sipladserviceautenticacao,,,] 4755 --- [DiscoveryClient-InstanceInfoReplicator-0] com.netflix.discovery.DiscoveryClient    : DiscoveryClient_SIPLADSERVICEAUTENTICACAO/10.0.2.15:sipladserviceautenticacao:9100 - registration status: 204
2020-04-09 09:02:03.706  INFO [sipladserviceautenticacao,,,] 4755 --- [SpringContextShutdownHook] c.n.u.concurrent.ShutdownEnabledTimer    : Shutdown hook removed for: NFLoadBalancer-PingTimer-sipladserviceapoio
2020-04-09 09:02:03.707  INFO [sipladserviceautenticacao,,,] 4755 --- [SpringContextShutdownHook] c.n.u.concurrent.ShutdownEnabledTimer    : Exception caught (might be ok if at shutdown)

java.lang.IllegalStateException: Shutdown in progress
	at java.lang.ApplicationShutdownHooks.remove(ApplicationShutdownHooks.java:82) ~[na:1.8.0_242]
	at java.lang.Runtime.removeShutdownHook(Runtime.java:240) ~[na:1.8.0_242]
	at com.netflix.util.concurrent.ShutdownEnabledTimer.cancel(ShutdownEnabledTimer.java:70) ~[netflix-commons-util-0.3.0.jar!/:0.3.0]
	at com.netflix.loadbalancer.BaseLoadBalancer.cancelPingTask(BaseLoadBalancer.java:632) [ribbon-loadbalancer-2.3.0.jar!/:2.3.0]
	at com.netflix.loadbalancer.BaseLoadBalancer.shutdown(BaseLoadBalancer.java:883) [ribbon-loadbalancer-2.3.0.jar!/:2.3.0]
	at com.netflix.loadbalancer.DynamicServerListLoadBalancer.shutdown(DynamicServerListLoadBalancer.java:285) [ribbon-loadbalancer-2.3.0.jar!/:2.3.0]
	at sun.reflect.NativeMethodAccessorImpl.invoke0(Native Method) ~[na:1.8.0_242]
	at sun.reflect.NativeMethodAccessorImpl.invoke(NativeMethodAccessorImpl.java:62) ~[na:1.8.0_242]
	at sun.reflect.DelegatingMethodAccessorImpl.invoke(DelegatingMethodAccessorImpl.java:43) ~[na:1.8.0_242]
	at java.lang.reflect.Method.invoke(Method.java:498) ~[na:1.8.0_242]
	at org.springframework.beans.factory.support.DisposableBeanAdapter.invokeCustomDestroyMethod(DisposableBeanAdapter.java:339) [spring-beans-5.2.5.RELEASE.jar!/:5.2.5.RELEASE]
	at org.springframework.beans.factory.support.DisposableBeanAdapter.destroy(DisposableBeanAdapter.java:273) [spring-beans-5.2.5.RELEASE.jar!/:5.2.5.RELEASE]
	at org.springframework.beans.factory.support.DefaultSingletonBeanRegistry.destroyBean(DefaultSingletonBeanRegistry.java:571) [spring-beans-5.2.5.RELEASE.jar!/:5.2.5.RELEASE]
	at org.springframework.beans.factory.support.DefaultSingletonBeanRegistry.destroySingleton(DefaultSingletonBeanRegistry.java:543) [spring-beans-5.2.5.RELEASE.jar!/:5.2.5.RELEASE]
	at org.springframework.beans.factory.support.DefaultListableBeanFactory.destroySingleton(DefaultListableBeanFactory.java:1075) [spring-beans-5.2.5.RELEASE.jar!/:5.2.5.RELEASE]
	at org.springframework.beans.factory.support.DefaultSingletonBeanRegistry.destroySingletons(DefaultSingletonBeanRegistry.java:504) [spring-beans-5.2.5.RELEASE.jar!/:5.2.5.RELEASE]
	at org.springframework.beans.factory.support.DefaultListableBeanFactory.destroySingletons(DefaultListableBeanFactory.java:1068) [spring-beans-5.2.5.RELEASE.jar!/:5.2.5.RELEASE]
	at org.springframework.context.support.AbstractApplicationContext.destroyBeans(AbstractApplicationContext.java:1060) [spring-context-5.2.5.RELEASE.jar!/:5.2.5.RELEASE]
	at org.springframework.context.support.AbstractApplicationContext.doClose(AbstractApplicationContext.java:1029) [spring-context-5.2.5.RELEASE.jar!/:5.2.5.RELEASE]
	at org.springframework.context.support.AbstractApplicationContext.close(AbstractApplicationContext.java:978) [spring-context-5.2.5.RELEASE.jar!/:5.2.5.RELEASE]
	at org.springframework.cloud.context.named.NamedContextFactory.destroy(NamedContextFactory.java:92) [spring-cloud-context-2.2.2.RELEASE.jar!/:2.2.2.RELEASE]
	at org.springframework.beans.factory.support.DisposableBeanAdapter.destroy(DisposableBeanAdapter.java:258) [spring-beans-5.2.5.RELEASE.jar!/:5.2.5.RELEASE]
	at org.springframework.beans.factory.support.DefaultSingletonBeanRegistry.destroyBean(DefaultSingletonBeanRegistry.java:571) [spring-beans-5.2.5.RELEASE.jar!/:5.2.5.RELEASE]
	at org.springframework.beans.factory.support.DefaultSingletonBeanRegistry.destroySingleton(DefaultSingletonBeanRegistry.java:543) [spring-beans-5.2.5.RELEASE.jar!/:5.2.5.RELEASE]
	at org.springframework.beans.factory.support.DefaultListableBeanFactory.destroySingleton(DefaultListableBeanFactory.java:1075) [spring-beans-5.2.5.RELEASE.jar!/:5.2.5.RELEASE]
	at org.springframework.beans.factory.support.DefaultSingletonBeanRegistry.destroySingletons(DefaultSingletonBeanRegistry.java:504) [spring-beans-5.2.5.RELEASE.jar!/:5.2.5.RELEASE]
	at org.springframework.beans.factory.support.DefaultListableBeanFactory.destroySingletons(DefaultListableBeanFactory.java:1068) [spring-beans-5.2.5.RELEASE.jar!/:5.2.5.RELEASE]
	at org.springframework.context.support.AbstractApplicationContext.destroyBeans(AbstractApplicationContext.java:1060) [spring-context-5.2.5.RELEASE.jar!/:5.2.5.RELEASE]
	at org.springframework.context.support.AbstractApplicationContext.doClose(AbstractApplicationContext.java:1029) [spring-context-5.2.5.RELEASE.jar!/:5.2.5.RELEASE]
	at org.springframework.context.support.AbstractApplicationContext$1.run(AbstractApplicationContext.java:948) [spring-context-5.2.5.RELEASE.jar!/:5.2.5.RELEASE]

2020-04-09 09:02:03.719  INFO [sipladserviceautenticacao,,,] 4755 --- [SpringContextShutdownHook] com.netflix.discovery.DiscoveryClient    : Shutting down DiscoveryClient ...
2020-04-09 09:02:06.723  INFO [sipladserviceautenticacao,,,] 4755 --- [SpringContextShutdownHook] com.netflix.discovery.DiscoveryClient    : Unregistering ...
2020-04-09 09:02:06.730  INFO [sipladserviceautenticacao,,,] 4755 --- [SpringContextShutdownHook] com.netflix.discovery.DiscoveryClient    : DiscoveryClient_SIPLADSERVICEAUTENTICACAO/10.0.2.15:sipladserviceautenticacao:9100 - deregister  status: 200
2020-04-09 09:02:06.748  INFO [sipladserviceautenticacao,,,] 4755 --- [SpringContextShutdownHook] com.netflix.discovery.DiscoveryClient    : Completed shut down of DiscoveryClient
2020-04-09 09:02:06.749  INFO [sipladserviceautenticacao,,,] 4755 --- [SpringContextShutdownHook] io.undertow.servlet                      : Destroying Spring FrameworkServlet 'dispatcherServlet'
2020-04-09 09:02:06.751  INFO [sipladserviceautenticacao,,,] 4755 --- [SpringContextShutdownHook] io.undertow                              : stopping server: Undertow - 2.0.30.Final
