2020-04-05 13:05:07.509  INFO [sipladservicediscovery,,,] 9028 --- [main] .d.s.s.SipladServiceDiscoveryApplication : The following profiles are active: default
2020-04-05 13:05:08.446  WARN [sipladservicediscovery,,,] 9028 --- [main] o.s.boot.actuate.endpoint.EndpointId     : Endpoint ID 'service-registry' contains invalid characters, please migrate to a valid format.
2020-04-05 13:05:08.684  INFO [sipladservicediscovery,,,] 9028 --- [main] o.s.cloud.context.scope.GenericScope     : BeanFactory id=e0a071e2-5d87-3c8c-a01e-d5896ae202b9
2020-04-05 13:05:09.277  WARN [sipladservicediscovery,,,] 9028 --- [main] io.undertow.websockets.jsr               : UT026010: Buffer pool was not set on WebSocketDeploymentInfo, the default pool will be used
2020-04-05 13:05:09.309  INFO [sipladservicediscovery,,,] 9028 --- [main] io.undertow.servlet                      : Initializing Spring embedded WebApplicationContext
2020-04-05 13:05:09.310  INFO [sipladservicediscovery,,,] 9028 --- [main] o.s.web.context.ContextLoader            : Root WebApplicationContext: initialization completed in 1766 ms
2020-04-05 13:05:09.428  WARN [sipladservicediscovery,,,] 9028 --- [main] c.n.c.sources.URLConfigurationSource     : No URLs will be polled as dynamic configuration sources.
2020-04-05 13:05:09.428  INFO [sipladservicediscovery,,,] 9028 --- [main] c.n.c.sources.URLConfigurationSource     : To enable URLs as dynamic configuration sources, define System property archaius.configurationSource.additionalUrls or make config.properties available on classpath.
2020-04-05 13:05:09.438  INFO [sipladservicediscovery,,,] 9028 --- [main] c.netflix.config.DynamicPropertyFactory  : DynamicPropertyFactory is initialized with configuration sources: com.netflix.config.ConcurrentCompositeConfiguration@6732726
2020-04-05 13:05:11.088  INFO [sipladservicediscovery,,,] 9028 --- [main] o.s.cloud.commons.util.InetUtils         : Cannot determine local hostname
2020-04-05 13:05:11.902  WARN [sipladservicediscovery,,,] 9028 --- [main] o.s.c.s.zipkin2.ZipkinAutoConfiguration  : Check result of the [AsyncReporter{org.springframework.cloud.sleuth.zipkin2.sender.RestTemplateSender@57f8951a}] contains an error [CheckResult{ok=false, error=org.springframework.web.client.ResourceAccessException: I/O error on POST request for "http://192.168.126.5:9411/api/v2/spans": connect timed out; nested exception is java.net.SocketTimeoutException: connect timed out}]
2020-04-05 13:05:12.154  WARN [sipladservicediscovery,,,] 9028 --- [main] c.n.c.sources.URLConfigurationSource     : No URLs will be polled as dynamic configuration sources.
2020-04-05 13:05:12.154  INFO [sipladservicediscovery,,,] 9028 --- [main] c.n.c.sources.URLConfigurationSource     : To enable URLs as dynamic configuration sources, define System property archaius.configurationSource.additionalUrls or make config.properties available on classpath.
2020-04-05 13:05:12.401  INFO [sipladservicediscovery,,,] 9028 --- [main] o.s.s.concurrent.ThreadPoolTaskExecutor  : Initializing ExecutorService 'applicationTaskExecutor'
2020-04-05 13:05:14.097  INFO [sipladservicediscovery,,,] 9028 --- [main] o.s.cloud.commons.util.InetUtils         : Cannot determine local hostname
2020-04-05 13:05:14.137  WARN [sipladservicediscovery,,,] 9028 --- [main] ockingLoadBalancerClientRibbonWarnLogger : You already have RibbonLoadBalancerClient on your classpath. It will be used by default. As Spring Cloud Ribbon is in maintenance mode. We recommend switching to BlockingLoadBalancerClient instead. In order to use it, set the value of `spring.cloud.loadbalancer.ribbon.enabled` to `false` or remove spring-cloud-starter-netflix-ribbon from your project.
2020-04-05 13:05:14.565  INFO [sipladservicediscovery,,,] 9028 --- [main] o.s.c.n.eureka.InstanceInfoFactory       : Setting initial instance status as: STARTING
2020-04-05 13:05:14.586  INFO [sipladservicediscovery,,,] 9028 --- [main] com.netflix.discovery.DiscoveryClient    : Initializing Eureka in region us-east-1
2020-04-05 13:05:14.586  INFO [sipladservicediscovery,,,] 9028 --- [main] com.netflix.discovery.DiscoveryClient    : Client configured to neither register nor query for data.
2020-04-05 13:05:14.595  INFO [sipladservicediscovery,,,] 9028 --- [main] com.netflix.discovery.DiscoveryClient    : Discovery Client initialized at timestamp 1586102714593 with initial instances count: 0
2020-04-05 13:05:14.653  INFO [sipladservicediscovery,,,] 9028 --- [main] c.n.eureka.DefaultEurekaServerContext    : Initializing ...
2020-04-05 13:05:14.655  INFO [sipladservicediscovery,,,] 9028 --- [main] c.n.eureka.cluster.PeerEurekaNodes       : Adding new peer nodes [http://localhost:8800/eureka/]
2020-04-05 13:05:14.972  INFO [sipladservicediscovery,,,] 9028 --- [main] c.n.d.provider.DiscoveryJerseyProvider   : Using JSON encoding codec LegacyJacksonJson
2020-04-05 13:05:14.972  INFO [sipladservicediscovery,,,] 9028 --- [main] c.n.d.provider.DiscoveryJerseyProvider   : Using JSON decoding codec LegacyJacksonJson
2020-04-05 13:05:14.972  INFO [sipladservicediscovery,,,] 9028 --- [main] c.n.d.provider.DiscoveryJerseyProvider   : Using XML encoding codec XStreamXml
2020-04-05 13:05:14.973  INFO [sipladservicediscovery,,,] 9028 --- [main] c.n.d.provider.DiscoveryJerseyProvider   : Using XML decoding codec XStreamXml
2020-04-05 13:05:15.151  INFO [sipladservicediscovery,,,] 9028 --- [main] c.n.eureka.cluster.PeerEurekaNodes       : Replica node URL:  http://localhost:8800/eureka/
2020-04-05 13:05:15.160  INFO [sipladservicediscovery,,,] 9028 --- [main] c.n.e.registry.AbstractInstanceRegistry  : Finished initializing remote region registries. All known remote regions: []
2020-04-05 13:05:15.162  INFO [sipladservicediscovery,,,] 9028 --- [main] c.n.eureka.DefaultEurekaServerContext    : Initialized
2020-04-05 13:05:15.260  INFO [sipladservicediscovery,,,] 9028 --- [main] o.s.b.a.e.web.EndpointLinksResolver      : Exposing 2 endpoint(s) beneath base path '/actuator'
2020-04-05 13:05:15.367  INFO [sipladservicediscovery,,,] 9028 --- [main] o.s.c.n.e.s.EurekaServiceRegistry        : Registering application SIPLADSERVICEDISCOVERY with eureka with status UP
2020-04-05 13:05:15.370  INFO [sipladservicediscovery,,,] 9028 --- [Thread-13] o.s.c.n.e.server.EurekaServerBootstrap   : Setting the eureka configuration..
2020-04-05 13:05:15.370  INFO [sipladservicediscovery,,,] 9028 --- [Thread-13] o.s.c.n.e.server.EurekaServerBootstrap   : Eureka data center value eureka.datacenter is not set, defaulting to default
2020-04-05 13:05:15.371  INFO [sipladservicediscovery,,,] 9028 --- [Thread-13] o.s.c.n.e.server.EurekaServerBootstrap   : Eureka environment value eureka.environment is not set, defaulting to test
2020-04-05 13:05:15.389  INFO [sipladservicediscovery,,,] 9028 --- [Thread-13] o.s.c.n.e.server.EurekaServerBootstrap   : isAws returned false
2020-04-05 13:05:15.390  INFO [sipladservicediscovery,,,] 9028 --- [Thread-13] o.s.c.n.e.server.EurekaServerBootstrap   : Initialized server context
2020-04-05 13:05:15.390  INFO [sipladservicediscovery,,,] 9028 --- [Thread-13] c.n.e.r.PeerAwareInstanceRegistryImpl    : Got 1 instances from neighboring DS node
2020-04-05 13:05:15.390  INFO [sipladservicediscovery,,,] 9028 --- [Thread-13] c.n.e.r.PeerAwareInstanceRegistryImpl    : Renew threshold is: 1
2020-04-05 13:05:15.391  INFO [sipladservicediscovery,,,] 9028 --- [Thread-13] c.n.e.r.PeerAwareInstanceRegistryImpl    : Changing status to UP
2020-04-05 13:05:15.399  INFO [sipladservicediscovery,,,] 9028 --- [Thread-13] e.s.EurekaServerInitializerConfiguration : Started Eureka Server
2020-04-05 13:05:15.434  INFO [sipladservicediscovery,,,] 9028 --- [main] c.s.j.s.i.a.WebApplicationImpl           : Initiating Jersey application, version 'Jersey: 1.19.1 03/11/2016 02:08 PM'
2020-04-05 13:05:15.470  INFO [sipladservicediscovery,,,] 9028 --- [main] c.n.d.provider.DiscoveryJerseyProvider   : Using JSON encoding codec LegacyJacksonJson
2020-04-05 13:05:15.470  INFO [sipladservicediscovery,,,] 9028 --- [main] c.n.d.provider.DiscoveryJerseyProvider   : Using JSON decoding codec LegacyJacksonJson
2020-04-05 13:05:15.470  INFO [sipladservicediscovery,,,] 9028 --- [main] c.n.d.provider.DiscoveryJerseyProvider   : Using XML encoding codec XStreamXml
2020-04-05 13:05:15.471  INFO [sipladservicediscovery,,,] 9028 --- [main] c.n.d.provider.DiscoveryJerseyProvider   : Using XML decoding codec XStreamXml
2020-04-05 13:05:15.748  INFO [sipladservicediscovery,,,] 9028 --- [main] io.undertow                              : starting server: Undertow - 2.0.29.Final
2020-04-05 13:05:15.756  INFO [sipladservicediscovery,,,] 9028 --- [main] org.xnio                                 : XNIO version 3.3.8.Final
2020-04-05 13:05:15.769  INFO [sipladservicediscovery,,,] 9028 --- [main] org.xnio.nio                             : XNIO NIO Implementation Version 3.3.8.Final
2020-04-05 13:05:15.872  INFO [sipladservicediscovery,,,] 9028 --- [main] o.s.b.w.e.u.UndertowServletWebServer     : Undertow started on port(s) 8800 (http) with context path ''
2020-04-05 13:05:15.873  INFO [sipladservicediscovery,,,] 9028 --- [main] .s.c.n.e.s.EurekaAutoServiceRegistration : Updating port to 8800
2020-04-05 13:05:15.967  INFO [sipladservicediscovery,,,] 9028 --- [XNIO-1 task-1] io.undertow.servlet                      : Initializing Spring DispatcherServlet 'dispatcherServlet'
2020-04-05 13:05:15.967  INFO [sipladservicediscovery,,,] 9028 --- [XNIO-1 task-1] o.s.web.servlet.DispatcherServlet        : Initializing Servlet 'dispatcherServlet'
2020-04-05 13:05:15.987  INFO [sipladservicediscovery,,,] 9028 --- [XNIO-1 task-1] o.s.web.servlet.DispatcherServlet        : Completed initialization in 19 ms
2020-04-05 13:05:16.254  INFO [sipladservicediscovery,076fc1e3f66616ca,076fc1e3f66616ca,true] 9028 --- [XNIO-1 task-3] c.n.e.registry.AbstractInstanceRegistry  : Registered instance SIPLADSERVICEAUTENTICACAO/localhost:sipladserviceautenticacao:9100 with status UP (replication=false)
2020-04-05 13:05:16.285  INFO [sipladservicediscovery,c4c567abf3a54920,c4c567abf3a54920,true] 9028 --- [XNIO-1 task-5] c.n.e.registry.AbstractInstanceRegistry  : Registered instance SIPLADSERVICEAPOIO/localhost:sipladserviceapoio:9300 with status UP (replication=false)
2020-04-05 13:05:16.837  INFO [sipladservicediscovery,cef37af5e2d4645a,cef37af5e2d4645a,true] 9028 --- [XNIO-1 task-6] c.n.e.registry.AbstractInstanceRegistry  : Registered instance SIPLADSERVICEAUTENTICACAO/localhost:sipladserviceautenticacao:9100 with status UP (replication=true)
2020-04-05 13:05:16.838  INFO [sipladservicediscovery,cef37af5e2d4645a,cef37af5e2d4645a,true] 9028 --- [XNIO-1 task-6] c.n.e.registry.AbstractInstanceRegistry  : Registered instance SIPLADSERVICEAPOIO/localhost:sipladserviceapoio:9300 with status UP (replication=true)
2020-04-05 13:05:16.889  WARN [sipladservicediscovery,,,] 9028 --- [AsyncReporter{org.springframework.cloud.sleuth.zipkin2.sender.RestTemplateSender@57f8951a}] z.r.AsyncReporter$BoundedAsyncReporter   : Spans were dropped due to exceptions. All subsequent errors will be logged at FINE level.
2020-04-05 13:05:16.894  WARN [sipladservicediscovery,,,] 9028 --- [AsyncReporter{org.springframework.cloud.sleuth.zipkin2.sender.RestTemplateSender@57f8951a}] z.r.AsyncReporter$BoundedAsyncReporter   : Dropped 5 spans due to ResourceAccessException(I/O error on POST request for "http://192.168.126.5:9411/api/v2/spans": connect timed out; nested exception is java.net.SocketTimeoutException: connect timed out)

org.springframework.web.client.ResourceAccessException: I/O error on POST request for "http://192.168.126.5:9411/api/v2/spans": connect timed out; nested exception is java.net.SocketTimeoutException: connect timed out
	at org.springframework.web.client.RestTemplate.doExecute(RestTemplate.java:748) ~[spring-web-5.2.4.RELEASE.jar:5.2.4.RELEASE]
	at org.springframework.cloud.sleuth.zipkin2.sender.ZipkinRestTemplateWrapper.doExecute(ZipkinRestTemplateSenderConfiguration.java:228) ~[spring-cloud-sleuth-zipkin-2.2.2.RELEASE.jar:2.2.2.RELEASE]
	at org.springframework.web.client.RestTemplate.exchange(RestTemplate.java:641) ~[spring-web-5.2.4.RELEASE.jar:5.2.4.RELEASE]
	at org.springframework.cloud.sleuth.zipkin2.sender.RestTemplateSender.post(RestTemplateSender.java:129) ~[spring-cloud-sleuth-zipkin-2.2.2.RELEASE.jar:2.2.2.RELEASE]
	at org.springframework.cloud.sleuth.zipkin2.sender.RestTemplateSender$HttpPostCall.doExecute(RestTemplateSender.java:142) ~[spring-cloud-sleuth-zipkin-2.2.2.RELEASE.jar:2.2.2.RELEASE]
	at org.springframework.cloud.sleuth.zipkin2.sender.RestTemplateSender$HttpPostCall.doExecute(RestTemplateSender.java:132) ~[spring-cloud-sleuth-zipkin-2.2.2.RELEASE.jar:2.2.2.RELEASE]
	at zipkin2.Call$Base.execute(Call.java:380) ~[zipkin-2.19.3.jar:na]
	at zipkin2.reporter.AsyncReporter$BoundedAsyncReporter.flush(AsyncReporter.java:284) ~[zipkin-reporter-2.12.1.jar:na]
	at zipkin2.reporter.AsyncReporter$Flusher.run(AsyncReporter.java:358) [zipkin-reporter-2.12.1.jar:na]
	at java.lang.Thread.run(Thread.java:748) [na:1.8.0_221]
Caused by: java.net.SocketTimeoutException: connect timed out
	at java.net.DualStackPlainSocketImpl.waitForConnect(Native Method) ~[na:1.8.0_221]
	at java.net.DualStackPlainSocketImpl.socketConnect(DualStackPlainSocketImpl.java:85) ~[na:1.8.0_221]
	at java.net.AbstractPlainSocketImpl.doConnect(AbstractPlainSocketImpl.java:350) ~[na:1.8.0_221]
	at java.net.AbstractPlainSocketImpl.connectToAddress(AbstractPlainSocketImpl.java:206) ~[na:1.8.0_221]
	at java.net.AbstractPlainSocketImpl.connect(AbstractPlainSocketImpl.java:188) ~[na:1.8.0_221]
	at java.net.PlainSocketImpl.connect(PlainSocketImpl.java:172) ~[na:1.8.0_221]
	at java.net.SocksSocketImpl.connect(SocksSocketImpl.java:392) ~[na:1.8.0_221]
	at java.net.Socket.connect(Socket.java:589) ~[na:1.8.0_221]
	at sun.net.NetworkClient.doConnect(NetworkClient.java:175) ~[na:1.8.0_221]
	at sun.net.www.http.HttpClient.openServer(HttpClient.java:463) ~[na:1.8.0_221]
	at sun.net.www.http.HttpClient.openServer(HttpClient.java:558) ~[na:1.8.0_221]
	at sun.net.www.http.HttpClient.<init>(HttpClient.java:242) ~[na:1.8.0_221]
	at sun.net.www.http.HttpClient.New(HttpClient.java:339) ~[na:1.8.0_221]
	at sun.net.www.http.HttpClient.New(HttpClient.java:357) ~[na:1.8.0_221]
	at sun.net.www.protocol.http.HttpURLConnection.getNewHttpClient(HttpURLConnection.java:1226) ~[na:1.8.0_221]
	at sun.net.www.protocol.http.HttpURLConnection.plainConnect0(HttpURLConnection.java:1162) ~[na:1.8.0_221]
	at sun.net.www.protocol.http.HttpURLConnection.plainConnect(HttpURLConnection.java:1056) ~[na:1.8.0_221]
	at sun.net.www.protocol.http.HttpURLConnection.connect(HttpURLConnection.java:990) ~[na:1.8.0_221]
	at org.springframework.http.client.SimpleBufferingClientHttpRequest.executeInternal(SimpleBufferingClientHttpRequest.java:76) ~[spring-web-5.2.4.RELEASE.jar:5.2.4.RELEASE]
	at org.springframework.http.client.AbstractBufferingClientHttpRequest.executeInternal(AbstractBufferingClientHttpRequest.java:48) ~[spring-web-5.2.4.RELEASE.jar:5.2.4.RELEASE]
	at org.springframework.http.client.AbstractClientHttpRequest.execute(AbstractClientHttpRequest.java:53) ~[spring-web-5.2.4.RELEASE.jar:5.2.4.RELEASE]
	at org.springframework.web.client.RestTemplate.doExecute(RestTemplate.java:739) ~[spring-web-5.2.4.RELEASE.jar:5.2.4.RELEASE]
	... 9 common frames omitted

2020-04-05 13:05:17.087  INFO [sipladservicediscovery,,,] 9028 --- [main] o.s.cloud.commons.util.InetUtils         : Cannot determine local hostname
2020-04-05 13:05:17.088  INFO [sipladservicediscovery,,,] 9028 --- [main] .d.s.s.SipladServiceDiscoveryApplication : Started SipladServiceDiscoveryApplication in 12.841 seconds (JVM running for 14.895)
2020-04-05 13:05:17.686  INFO [sipladservicediscovery,435cf71a76dc0518,435cf71a76dc0518,true] 9028 --- [XNIO-1 task-7] c.n.e.registry.AbstractInstanceRegistry  : Registered instance SIPLADSERVICEGATEWAY/localhost:sipladservicegateway:8900 with status UP (replication=false)
2020-04-05 13:05:18.196  INFO [sipladservicediscovery,ad09ab1c10f2d480,ad09ab1c10f2d480,true] 9028 --- [XNIO-1 task-8] c.n.e.registry.AbstractInstanceRegistry  : Registered instance SIPLADSERVICEGATEWAY/localhost:sipladservicegateway:8900 with status UP (replication=true)
2020-04-05 13:06:15.392  INFO [sipladservicediscovery,,,] 9028 --- [Eureka-EvictionTimer] c.n.e.registry.AbstractInstanceRegistry  : Running the evict task with compensationTime 0ms
2020-04-05 13:07:15.393  INFO [sipladservicediscovery,,,] 9028 --- [Eureka-EvictionTimer] c.n.e.registry.AbstractInstanceRegistry  : Running the evict task with compensationTime 0ms
2020-04-05 13:08:15.393  INFO [sipladservicediscovery,,,] 9028 --- [Eureka-EvictionTimer] c.n.e.registry.AbstractInstanceRegistry  : Running the evict task with compensationTime 0ms
2020-04-05 13:09:15.393  INFO [sipladservicediscovery,,,] 9028 --- [Eureka-EvictionTimer] c.n.e.registry.AbstractInstanceRegistry  : Running the evict task with compensationTime 0ms
2020-04-05 13:10:15.394  INFO [sipladservicediscovery,,,] 9028 --- [Eureka-EvictionTimer] c.n.e.registry.AbstractInstanceRegistry  : Running the evict task with compensationTime 0ms
2020-04-05 13:11:15.394  INFO [sipladservicediscovery,,,] 9028 --- [Eureka-EvictionTimer] c.n.e.registry.AbstractInstanceRegistry  : Running the evict task with compensationTime 0ms
